Determining if the function sgemm_ exists failed with the following output:
Change Dir: /export/sdb/anshan/TRO_LCD/theialib_v2/libraries/statx/build/CMakeFiles/CMakeTmp

Run Build Command(s):/usr/bin/gmake cmTC_c935a/fast 
/usr/bin/gmake -f CMakeFiles/cmTC_c935a.dir/build.make CMakeFiles/cmTC_c935a.dir/build
gmake[1]: Entering directory `/export/sdb/anshan/TRO_LCD/theialib_v2/libraries/statx/build/CMakeFiles/CMakeTmp'
Building C object CMakeFiles/cmTC_c935a.dir/CheckFunctionExists.c.o
/usr/bin/cc   -DCHECK_FUNCTION_EXISTS=sgemm_   -o CMakeFiles/cmTC_c935a.dir/CheckFunctionExists.c.o   -c /export/zhoufangru/Anaconda/anaconda/share/cmake-3.14/Modules/CheckFunctionExists.c
Linking C executable cmTC_c935a
/export/zhoufangru/Anaconda/anaconda/bin/cmake -E cmake_link_script CMakeFiles/cmTC_c935a.dir/link.txt --verbose=1
/usr/bin/cc  -DCHECK_FUNCTION_EXISTS=sgemm_    -rdynamic CMakeFiles/cmTC_c935a.dir/CheckFunctionExists.c.o  -o cmTC_c935a 
CMakeFiles/cmTC_c935a.dir/CheckFunctionExists.c.o: In function `main':
CheckFunctionExists.c:(.text+0x10): undefined reference to `sgemm_'
collect2: error: ld returned 1 exit status
gmake[1]: *** [cmTC_c935a] Error 1
gmake[1]: Leaving directory `/export/sdb/anshan/TRO_LCD/theialib_v2/libraries/statx/build/CMakeFiles/CMakeTmp'
gmake: *** [cmTC_c935a/fast] Error 2


Determining if the pthread_create exist failed with the following output:
Change Dir: /export/sdb/anshan/TRO_LCD/theialib_v2/libraries/statx/build/CMakeFiles/CMakeTmp

Run Build Command(s):/usr/bin/gmake cmTC_c2cdc/fast 
/usr/bin/gmake -f CMakeFiles/cmTC_c2cdc.dir/build.make CMakeFiles/cmTC_c2cdc.dir/build
gmake[1]: Entering directory `/export/sdb/anshan/TRO_LCD/theialib_v2/libraries/statx/build/CMakeFiles/CMakeTmp'
Building C object CMakeFiles/cmTC_c2cdc.dir/CheckSymbolExists.c.o
/usr/bin/cc    -o CMakeFiles/cmTC_c2cdc.dir/CheckSymbolExists.c.o   -c /export/sdb/anshan/TRO_LCD/theialib_v2/libraries/statx/build/CMakeFiles/CMakeTmp/CheckSymbolExists.c
Linking C executable cmTC_c2cdc
/export/zhoufangru/Anaconda/anaconda/bin/cmake -E cmake_link_script CMakeFiles/cmTC_c2cdc.dir/link.txt --verbose=1
/usr/bin/cc      -rdynamic CMakeFiles/cmTC_c2cdc.dir/CheckSymbolExists.c.o  -o cmTC_c2cdc 
CMakeFiles/cmTC_c2cdc.dir/CheckSymbolExists.c.o: In function `main':
CheckSymbolExists.c:(.text+0x16): undefined reference to `pthread_create'
collect2: error: ld returned 1 exit status
gmake[1]: *** [cmTC_c2cdc] Error 1
gmake[1]: Leaving directory `/export/sdb/anshan/TRO_LCD/theialib_v2/libraries/statx/build/CMakeFiles/CMakeTmp'
gmake: *** [cmTC_c2cdc/fast] Error 2

File /export/sdb/anshan/TRO_LCD/theialib_v2/libraries/statx/build/CMakeFiles/CMakeTmp/CheckSymbolExists.c:
/* */
#include <pthread.h>

int main(int argc, char** argv)
{
  (void)argv;
#ifndef pthread_create
  return ((int*)(&pthread_create))[argc];
#else
  (void)argc;
  return 0;
#endif
}

Determining if the function pthread_create exists in the pthreads failed with the following output:
Change Dir: /export/sdb/anshan/TRO_LCD/theialib_v2/libraries/statx/build/CMakeFiles/CMakeTmp

Run Build Command(s):/usr/bin/gmake cmTC_2cc2b/fast 
/usr/bin/gmake -f CMakeFiles/cmTC_2cc2b.dir/build.make CMakeFiles/cmTC_2cc2b.dir/build
gmake[1]: Entering directory `/export/sdb/anshan/TRO_LCD/theialib_v2/libraries/statx/build/CMakeFiles/CMakeTmp'
Building C object CMakeFiles/cmTC_2cc2b.dir/CheckFunctionExists.c.o
/usr/bin/cc   -DCHECK_FUNCTION_EXISTS=pthread_create   -o CMakeFiles/cmTC_2cc2b.dir/CheckFunctionExists.c.o   -c /export/zhoufangru/Anaconda/anaconda/share/cmake-3.14/Modules/CheckFunctionExists.c
Linking C executable cmTC_2cc2b
/export/zhoufangru/Anaconda/anaconda/bin/cmake -E cmake_link_script CMakeFiles/cmTC_2cc2b.dir/link.txt --verbose=1
/usr/bin/cc  -DCHECK_FUNCTION_EXISTS=pthread_create    -rdynamic CMakeFiles/cmTC_2cc2b.dir/CheckFunctionExists.c.o  -o cmTC_2cc2b -lpthreads 
/usr/bin/ld: cannot find -lpthreads
collect2: error: ld returned 1 exit status
gmake[1]: *** [cmTC_2cc2b] Error 1
gmake[1]: Leaving directory `/export/sdb/anshan/TRO_LCD/theialib_v2/libraries/statx/build/CMakeFiles/CMakeTmp'
gmake: *** [cmTC_2cc2b/fast] Error 2


